<?xml version="1.0" encoding="UTF-8"?>
<!-- Generated by org.testng.reporters.JUnitReportReporter -->
<testsuite hostname="LAPTOP-D4146MFC" failures="0" tests="1" name="testscripts.Verify_If_User_Is_Able_Click_On_Featured_Products" time="31.893" errors="0" timestamp="2024-04-24T09:24:28 CDT" skipped="0">
  <testcase classname="testscripts.Verify_If_User_Is_Able_Click_On_Featured_Products" name="featuredProductsTestCase" time="31.893"/>
  <system-out/>
</testsuite> <!-- testscripts.Verify_If_User_Is_Able_Click_On_Featured_Products -->
