<?xml version="1.0" encoding="UTF-8"?>
<!-- Generated by org.testng.reporters.JUnitReportReporter -->
<testsuite hostname="LAPTOP-D4146MFC" failures="0" tests="1" name="testscripts.Verify_User_Is_Able_Add_Or_Remove" time="15.122" errors="0" timestamp="2024-04-24T09:47:12 CDT" skipped="0">
  <testcase classname="testscripts.Verify_User_Is_Able_Add_Or_Remove" name="addOrRemoveTestCase" time="15.122"/>
  <system-out/>
</testsuite> <!-- testscripts.Verify_User_Is_Able_Add_Or_Remove -->
