<?xml version="1.0" encoding="UTF-8"?>
<!-- Generated by org.testng.reporters.JUnitReportReporter -->
<testsuite hostname="LAPTOP-D4146MFC" failures="0" tests="1" name="testscripts.Verify_If_Mens_link_isclickable" time="5.445" errors="0" timestamp="2024-04-24T09:14:54 CDT" skipped="0">
  <testcase classname="testscripts.Verify_If_Mens_link_isclickable" name="wishListTestCase" time="5.445"/>
  <system-out/>
</testsuite> <!-- testscripts.Verify_If_Mens_link_isclickable -->
