<?xml version="1.0" encoding="UTF-8"?>
<!-- Generated by org.testng.reporters.JUnitReportReporter -->
<testsuite hostname="LAPTOP-D4146MFC" failures="0" tests="1" name="testscripts.Verify_User_Is_Able_Click_FooterLinks" time="11.710" errors="0" timestamp="2024-04-24T09:29:46 CDT" skipped="0">
  <testcase classname="testscripts.Verify_User_Is_Able_Click_FooterLinks" name="footerLinksTestCase" time="11.710"/>
  <system-out/>
</testsuite> <!-- testscripts.Verify_User_Is_Able_Click_FooterLinks -->
