<?xml version="1.0" encoding="UTF-8"?>
<!-- Generated by org.testng.reporters.JUnitReportReporter -->
<testsuite hostname="LAPTOP-D4146MFC" failures="0" tests="1" name="testscripts.Verify_If_User_Is_Able_To_Search" time="23.361" errors="0" timestamp="2024-04-24T09:25:29 CDT" skipped="0">
  <testcase classname="testscripts.Verify_If_User_Is_Able_To_Search" name="searchTestCase" time="23.361"/>
  <system-out/>
</testsuite> <!-- testscripts.Verify_If_User_Is_Able_To_Search -->
